# JRE version: Java(TM) SE Runtime Environment (7.0_51-b13) (build 1.7.0_51-b13)
# Java VM: Java HotSpot(TM) 64-Bit Server VM (24.51-b03 mixed mode windows-amd64 compressed oops)
Heap
 PSYoungGen      total 192000K, used 82989K [0x00000000eb300000, 0x00000000fcb80000, 0x0000000100000000)
  eden space 190464K, 42% used [0x00000000eb300000,0x00000000f028b420,0x00000000f6d00000)
  from space 1536K, 100% used [0x00000000fca00000,0x00000000fcb80000,0x00000000fcb80000)
  to   space 19968K, 0% used [0x00000000fa480000,0x00000000fa480000,0x00000000fb800000)
 ParOldGen       total 76288K, used 55001K [0x00000000c1a00000, 0x00000000c6480000, 0x00000000eb300000)
  object space 76288K, 72% used [0x00000000c1a00000,0x00000000c4fb6730,0x00000000c6480000)
 PSPermGen       total 83968K, used 70034K [0x00000000bc800000, 0x00000000c1a00000, 0x00000000c1a00000)
  object space 83968K, 83% used [0x00000000bc800000,0x00000000c0c64890,0x00000000c1a00000)
GC Heap History (10 events):
Event: 1987.245 GC heap before
{Heap before GC invocations=19 (full 1):
 PSYoungGen      total 252928K, used 240499K [0x00000000eb300000, 0x00000000ff500000, 0x0000000100000000)
  eden space 239616K, 100% used [0x00000000eb300000,0x00000000f9d00000,0x00000000f9d00000)
  from space 13312K, 6% used [0x00000000fe580000,0x00000000fe65cdb8,0x00000000ff280000)
  to   space 2560K, 0% used [0x00000000ff280000,0x00000000ff280000,0x00000000ff500000)
 ParOldGen       total 76288K, used 47836K [0x00000000c1a00000, 0x00000000c6480000, 0x00000000eb300000)
  object space 76288K, 62% used [0x00000000c1a00000,0x00000000c48b71f8,0x00000000c6480000)
 PSPermGen       total 83968K, used 69195K [0x00000000bc800000, 0x00000000c1a00000, 0x00000000c1a00000)
  object space 83968K, 82% used [0x00000000bc800000,0x00000000c0b92cd0,0x00000000c1a00000)
Event: 1987.278 GC heap after
Heap after GC invocations=19 (full 1):
 PSYoungGen      total 231424K, used 2528K [0x00000000eb300000, 0x00000000ff500000, 0x0000000100000000)
  eden space 228864K, 0% used [0x00000000eb300000,0x00000000eb300000,0x00000000f9280000)
  from space 2560K, 98% used [0x00000000ff280000,0x00000000ff4f80c0,0x00000000ff500000)
  to   space 22016K, 0% used [0x00000000fca00000,0x00000000fca00000,0x00000000fdf80000)
 ParOldGen       total 76288K, used 50070K [0x00000000c1a00000, 0x00000000c6480000, 0x00000000eb300000)
  object space 76288K, 65% used [0x00000000c1a00000,0x00000000c4ae58b0,0x00000000c6480000)
 PSPermGen       total 83968K, used 69195K [0x00000000bc800000, 0x00000000c1a00000, 0x00000000c1a00000)
  object space 83968K, 82% used [0x00000000bc800000,0x00000000c0b92cd0,0x00000000c1a00000)
}
Event: 2881.628 GC heap before
{Heap before GC invocations=20 (full 1):
 PSYoungGen      total 231424K, used 231307K [0x00000000eb300000, 0x00000000ff500000, 0x0000000100000000)
  eden space 228864K, 99% used [0x00000000eb300000,0x00000000f926acc8,0x00000000f9280000)
  from space 2560K, 98% used [0x00000000ff280000,0x00000000ff4f80c0,0x00000000ff500000)
  to   space 22016K, 0% used [0x00000000fca00000,0x00000000fca00000,0x00000000fdf80000)
 ParOldGen       total 76288K, used 50070K [0x00000000c1a00000, 0x00000000c6480000, 0x00000000eb300000)
  object space 76288K, 65% used [0x00000000c1a00000,0x00000000c4ae58b0,0x00000000c6480000)
 PSPermGen       total 83968K, used 69332K [0x00000000bc800000, 0x00000000c1a00000, 0x00000000c1a00000)
  object space 83968K, 82% used [0x00000000bc800000,0x00000000c0bb50f0,0x00000000c1a00000)
Event: 2881.655 GC heap after
Heap after GC invocations=20 (full 1):
 PSYoungGen      total 221184K, used 2368K [0x00000000eb300000, 0x00000000ff300000, 0x0000000100000000)
  eden space 218624K, 0% used [0x00000000eb300000,0x00000000eb300000,0x00000000f8880000)
  from space 2560K, 92% used [0x00000000fca00000,0x00000000fcc50030,0x00000000fcc80000)
  to   space 22016K, 0% used [0x00000000fdd80000,0x00000000fdd80000,0x00000000ff300000)
 ParOldGen       total 76288K, used 52051K [0x00000000c1a00000, 0x00000000c6480000, 0x00000000eb300000)
  object space 76288K, 68% used [0x00000000c1a00000,0x00000000c4cd4d80,0x00000000c6480000)
 PSPermGen       total 83968K, used 69332K [0x00000000bc800000, 0x00000000c1a00000, 0x00000000c1a00000)
  object space 83968K, 82% used [0x00000000bc800000,0x00000000c0bb50f0,0x00000000c1a00000)
}
Event: 3218.130 GC heap before
{Heap before GC invocations=21 (full 1):
 PSYoungGen      total 221184K, used 220992K [0x00000000eb300000, 0x00000000ff300000, 0x0000000100000000)
  eden space 218624K, 100% used [0x00000000eb300000,0x00000000f8880000,0x00000000f8880000)
  from space 2560K, 92% used [0x00000000fca00000,0x00000000fcc50030,0x00000000fcc80000)
  to   space 22016K, 0% used [0x00000000fdd80000,0x00000000fdd80000,0x00000000ff300000)
 ParOldGen       total 76288K, used 52051K [0x00000000c1a00000, 0x00000000c6480000, 0x00000000eb300000)
  object space 76288K, 68% used [0x00000000c1a00000,0x00000000c4cd4d80,0x00000000c6480000)
 PSPermGen       total 83968K, used 69810K [0x00000000bc800000, 0x00000000c1a00000, 0x00000000c1a00000)
  object space 83968K, 83% used [0x00000000bc800000,0x00000000c0c2cb98,0x00000000c1a00000)
Event: 3218.152 GC heap after
Heap after GC invocations=21 (full 1):
 PSYoungGen      total 212480K, used 3572K [0x00000000eb300000, 0x00000000fe100000, 0x0000000100000000)
  eden space 208896K, 0% used [0x00000000eb300000,0x00000000eb300000,0x00000000f7f00000)
  from space 3584K, 99% used [0x00000000fdd80000,0x00000000fe0fd128,0x00000000fe100000)
  to   space 20992K, 0% used [0x00000000fb800000,0x00000000fb800000,0x00000000fcc80000)
 ParOldGen       total 76288K, used 52619K [0x00000000c1a00000, 0x00000000c6480000, 0x00000000eb300000)
  object space 76288K, 68% used [0x00000000c1a00000,0x00000000c4d62dd0,0x00000000c6480000)
 PSPermGen       total 83968K, used 69810K [0x00000000bc800000, 0x00000000c1a00000, 0x00000000c1a00000)
  object space 83968K, 83% used [0x00000000bc800000,0x00000000c0c2cb98,0x00000000c1a00000)
}
Event: 3376.993 GC heap before
{Heap before GC invocations=22 (full 1):
 PSYoungGen      total 212480K, used 212468K [0x00000000eb300000, 0x00000000fe100000, 0x0000000100000000)
  eden space 208896K, 100% used [0x00000000eb300000,0x00000000f7f00000,0x00000000f7f00000)
  from space 3584K, 99% used [0x00000000fdd80000,0x00000000fe0fd128,0x00000000fe100000)
  to   space 20992K, 0% used [0x00000000fb800000,0x00000000fb800000,0x00000000fcc80000)
 ParOldGen       total 76288K, used 52619K [0x00000000c1a00000, 0x00000000c6480000, 0x00000000eb300000)
  object space 76288K, 68% used [0x00000000c1a00000,0x00000000c4d62dd0,0x00000000c6480000)
 PSPermGen       total 83968K, used 69822K [0x00000000bc800000, 0x00000000c1a00000, 0x00000000c1a00000)
  object space 83968K, 83% used [0x00000000bc800000,0x00000000c0c2fa10,0x00000000c1a00000)
Event: 3377.010 GC heap after
Heap after GC invocations=22 (full 1):
 PSYoungGen      total 201728K, used 1568K [0x00000000eb300000, 0x00000000fde00000, 0x0000000100000000)
  eden space 199680K, 0% used [0x00000000eb300000,0x00000000eb300000,0x00000000f7600000)
  from space 2048K, 76% used [0x00000000fb800000,0x00000000fb988000,0x00000000fba00000)
  to   space 20480K, 0% used [0x00000000fca00000,0x00000000fca00000,0x00000000fde00000)
 ParOldGen       total 76288K, used 54953K [0x00000000c1a00000, 0x00000000c6480000, 0x00000000eb300000)
  object space 76288K, 72% used [0x00000000c1a00000,0x00000000c4faa730,0x00000000c6480000)
 PSPermGen       total 83968K, used 69822K [0x00000000bc800000, 0x00000000c1a00000, 0x00000000c1a00000)
  object space 83968K, 83% used [0x00000000bc800000,0x00000000c0c2fa10,0x00000000c1a00000)
}
Event: 4142.760 GC heap before
{Heap before GC invocations=23 (full 1):
 PSYoungGen      total 201728K, used 201248K [0x00000000eb300000, 0x00000000fde00000, 0x0000000100000000)
  eden space 199680K, 100% used [0x00000000eb300000,0x00000000f7600000,0x00000000f7600000)
  from space 2048K, 76% used [0x00000000fb800000,0x00000000fb988000,0x00000000fba00000)
  to   space 20480K, 0% used [0x00000000fca00000,0x00000000fca00000,0x00000000fde00000)
 ParOldGen       total 76288K, used 54953K [0x00000000c1a00000, 0x00000000c6480000, 0x00000000eb300000)
  object space 76288K, 72% used [0x00000000c1a00000,0x00000000c4faa730,0x00000000c6480000)
 PSPermGen       total 83968K, used 69862K [0x00000000bc800000, 0x00000000c1a00000, 0x00000000c1a00000)
  object space 83968K, 83% used [0x00000000bc800000,0x00000000c0c39890,0x00000000c1a00000)
Event: 4142.782 GC heap after
Heap after GC invocations=23 (full 1):
 PSYoungGen      total 192000K, used 1536K [0x00000000eb300000, 0x00000000fcb80000, 0x0000000100000000)
  eden space 190464K, 0% used [0x00000000eb300000,0x00000000eb300000,0x00000000f6d00000)
  from space 1536K, 100% used [0x00000000fca00000,0x00000000fcb80000,0x00000000fcb80000)
  to   space 19968K, 0% used [0x00000000fa480000,0x00000000fa480000,0x00000000fb800000)
 ParOldGen       total 76288K, used 55001K [0x00000000c1a00000, 0x00000000c6480000, 0x00000000eb300000)
  object space 76288K, 72% used [0x00000000c1a00000,0x00000000c4fb6730,0x00000000c6480000)
 PSPermGen       total 83968K, used 69862K [0x00000000bc800000, 0x00000000c1a00000, 0x00000000c1a00000)
  object space 83968K, 83% used [0x00000000bc800000,0x00000000c0c39890,0x00000000c1a00000)
}

